<?xml version="1.0" encoding="UTF-8"?>
<!-- Generated by org.testng.reporters.JUnitReportReporter -->
<testsuite hostname="BLR1-LHP-N71186" failures="0" tests="1" name="OrangeHRM.GetHeadings" time="21.145" errors="0" timestamp="2022-07-20T23:34:41 IST" skipped="0">
  <testcase classname="OrangeHRM.GetHeadings" name="fetchHeading" time="21.145"/>
  <system-out/>
</testsuite> <!-- OrangeHRM.GetHeadings -->
