<?xml version="1.0" encoding="UTF-8"?>
<!-- Generated by org.testng.reporters.JUnitReportReporter -->
<testsuite hostname="BLR1-LHP-N71186" failures="0" tests="1" name="usingExcelData.usingExcelData" time="1.020" errors="0" timestamp="2022-07-19T00:02:03 IST" skipped="0">
  <testcase classname="usingExcelData.usingExcelData" name="demo" time="1.020"/>
  <system-out/>
</testsuite> <!-- usingExcelData.usingExcelData -->
