<?xml version="1.0" encoding="UTF-8"?>
<!-- Generated by org.testng.reporters.JUnitReportReporter -->
<testsuite hostname="BLR1-LHP-N71186" failures="0" tests="3" name="OrangeHRM.Login" time="24.285" errors="0" timestamp="2022-07-21T00:08:28 IST" skipped="0">
  <testcase classname="OrangeHRM.Login" name="loginSetup" time="14.463"/>
  <system-out/>
  <testcase classname="OrangeHRM.Login" name="loginSetup" time="5.111"/>
  <system-out/>
  <testcase classname="OrangeHRM.Login" name="loginSetup" time="4.711"/>
  <system-out/>
</testsuite> <!-- OrangeHRM.Login -->
