<?xml version="1.0" encoding="UTF-8"?>
<!-- Generated by org.testng.reporters.JUnitReportReporter -->
<testsuite hostname="BLR1-LHP-N71186" failures="0" tests="3" name="practiceTestNG.Prority" time="0.034" errors="0" timestamp="2022-07-20T15:19:46 IST" skipped="0">
  <testcase classname="practiceTestNG.Prority" name="test2" time="0.032"/>
  <system-out/>
  <testcase classname="practiceTestNG.Prority" name="test1" time="0.001"/>
  <system-out/>
  <testcase classname="practiceTestNG.Prority" name="test3" time="0.001"/>
  <system-out/>
</testsuite> <!-- practiceTestNG.Prority -->
